<?xml version="1.0" encoding="UTF-8"?>
<testng-results ignored="0" total="1" passed="1" failed="0" skipped="0">
  <reporter-output>
  </reporter-output>
  <suite started-at="2023-04-25T09:42:36 IST" name="Surefire suite" finished-at="2023-04-25T09:42:54 IST" duration-ms="17987">
    <groups>
    </groups>
    <test started-at="2023-04-25T09:42:36 IST" name="Surefire test" finished-at="2023-04-25T09:42:54 IST" duration-ms="17987">
      <class name="TestFile.DropdownTest">
        <test-method is-config="true" signature="navigateURL()[pri:0, instance:TestFile.DropdownTest@2525ff7e]" started-at="2023-04-25T09:42:36 IST" name="navigateURL" finished-at="2023-04-25T09:42:53 IST" duration-ms="17022" status="PASS">
          <reporter-output>
          </reporter-output>
        </test-method> <!-- navigateURL -->
        <test-method signature="verify_application_title()[pri:0, instance:TestFile.DropdownTest@2525ff7e]" started-at="2023-04-25T09:42:53 IST" name="verify_application_title" finished-at="2023-04-25T09:42:53 IST" duration-ms="18" status="PASS">
          <reporter-output>
          </reporter-output>
        </test-method> <!-- verify_application_title -->
        <test-method is-config="true" signature="terminate()[pri:0, instance:TestFile.DropdownTest@2525ff7e]" started-at="2023-04-25T09:42:53 IST" name="terminate" finished-at="2023-04-25T09:42:54 IST" duration-ms="846" status="PASS">
          <reporter-output>
          </reporter-output>
        </test-method> <!-- terminate -->
      </class> <!-- TestFile.DropdownTest -->
    </test> <!-- Surefire test -->
  </suite> <!-- Surefire suite -->
</testng-results>
