<?xml version="1.0" encoding="UTF-8"?>
<testng-results ignored="0" total="2" passed="2" failed="0" skipped="0">
  <reporter-output>
  </reporter-output>
  <suite started-at="2023-04-25T16:44:15 IST" name="Default suite" finished-at="2023-04-25T16:44:26 IST" duration-ms="11434">
    <groups>
    </groups>
    <test started-at="2023-04-25T16:44:15 IST" name="Default test" finished-at="2023-04-25T16:44:26 IST" duration-ms="11434">
      <class name="TestFile.DropdownTest">
        <test-method is-config="true" signature="navigateURL()[pri:0, instance:TestFile.DropdownTest@5e600dd5]" started-at="2023-04-25T16:44:15 IST" name="navigateURL" finished-at="2023-04-25T16:44:22 IST" duration-ms="7732" status="PASS">
          <reporter-output>
          </reporter-output>
        </test-method> <!-- navigateURL -->
        <test-method signature="verify_application_title()[pri:0, instance:TestFile.DropdownTest@5e600dd5]" started-at="2023-04-25T16:44:23 IST" name="verify_application_title" finished-at="2023-04-25T16:44:23 IST" duration-ms="36" status="PASS">
          <reporter-output>
          </reporter-output>
        </test-method> <!-- verify_application_title -->
        <test-method signature="verify_auto_suggestion_dropdown()[pri:0, instance:TestFile.DropdownTest@5e600dd5]" started-at="2023-04-25T16:44:23 IST" name="verify_auto_suggestion_dropdown" finished-at="2023-04-25T16:44:26 IST" duration-ms="3160" status="PASS">
          <reporter-output>
          </reporter-output>
        </test-method> <!-- verify_auto_suggestion_dropdown -->
        <test-method is-config="true" signature="terminate()[pri:0, instance:TestFile.DropdownTest@5e600dd5]" started-at="2023-04-25T16:44:26 IST" name="terminate" finished-at="2023-04-25T16:44:26 IST" duration-ms="369" status="PASS">
          <reporter-output>
          </reporter-output>
        </test-method> <!-- terminate -->
      </class> <!-- TestFile.DropdownTest -->
    </test> <!-- Default test -->
  </suite> <!-- Default suite -->
</testng-results>
